
--- Module:   D:\qp\qpn\source\qepn.c (C)

--- Module:   D:\qp\qpn\source\qfn.c (C)

--- Module:   D:\qp\qpn\source\qkn.c (C)

/// Start of Pass 2 ///

--- Module:   D:\qp\qpn\source\qepn.c (C)

--- Module:   D:\qp\qpn\source\qfn.c (C)

--- Module:   D:\qp\qpn\source\qkn.c (C)

--- Global Wrap-up

"D:\qp\qpn\ports\lint\stdint.h" 29 1 Info 756: global typedef 'uint16_t' (line 29, file D:\qp\qpn\ports\lint\stdint.h) not referenced
"D:\qp\qpn\ports\lint\stdint.h" 30 1 Info 756: global typedef 'uint32_t' (line 30, file D:\qp\qpn\ports\lint\stdint.h) not referenced
"D:\qp\qpn\ports\lint\stdint.h" 31 1 Info 756: global typedef 'uint64_t' (line 31, file D:\qp\qpn\ports\lint\stdint.h) not referenced
"D:\qp\qpn\ports\lint\stdint.h" 39 1 Info 756: global typedef 'uint_fast32_t' (line 39, file D:\qp\qpn\ports\lint\stdint.h) not referenced
"D:\qp\qpn\ports\lint\stdint.h" 26 1 Info 756: global typedef 'int64_t' (line 26, file D:\qp\qpn\ports\lint\stdint.h) not referenced
"D:\qp\qpn\source\qfn.c" 122 1 Info 759: header declaration for symbol 'QMActive_ctor(QMActive *, QStateHandler)' defined at (line 122, file D:\qp\qpn\source\qfn.c) could be moved from header to module
"D:\qp\qpn\source\qfn.c" 122 1 Info 765: external 'QMActive_ctor(QMActive *, QStateHandler)' (line 122, file D:\qp\qpn\source\qfn.c) could be made static [MISRA 2004 Rule 8.10, required]
"D:\qp\qpn\source\qfn.c" 122 1 Info 714: Symbol 'QMActive_ctor(QMActive *, QStateHandler)' (line 122, file D:\qp\qpn\source\qfn.c) not referenced
"D:\qp\qpn\include\qepn.h" 90 1 Info 756: global typedef 'float32_t' (line 90, file D:\qp\qpn\include\qepn.h) not referenced
"D:\qp\qpn\include\qepn.h" 97 1 Info 756: global typedef 'float64_t' (line 97, file D:\qp\qpn\include\qepn.h) not referenced
"D:\qp\qpn\ports\lint\stdint.h" 23 1 Info 756: global typedef 'int8_t' (line 23, file D:\qp\qpn\ports\lint\stdint.h) not referenced
"D:\qp\qpn\include\qkn.h" 60 1 Warning 526: Symbol 'QK_init(void)' (line 60, file D:\qp\qpn\include\qkn.h, module D:\qp\qpn\source\qepn.c) not defined
 Note 960: Violates MISRA 2004 Required Rule 8.9, undefined symbol: 'QK_init' 
"D:\qp\qpn\source\qkn.c" 56 1 Info 759: header declaration for symbol 'QK_intNest_' defined at (line 56, file D:\qp\qpn\source\qkn.c) could be moved from header to module
"D:\qp\qpn\source\qkn.c" 56 1 Info 765: external 'QK_intNest_' (line 56, file D:\qp\qpn\source\qkn.c) could be made static [MISRA 2004 Rule 8.10, required]
"D:\qp\qpn\source\qkn.c" 56 1 Info 714: Symbol 'QK_intNest_' (line 56, file D:\qp\qpn\source\qkn.c) not referenced
"D:\qp\qpn\include\qfn.h" 426 1 Warning 526: Symbol 'QF_onStartup(void)' (line 426, file D:\qp\qpn\include\qfn.h, module D:\qp\qpn\source\qepn.c) not defined
 Note 960: Violates MISRA 2004 Required Rule 8.9, undefined symbol: 'QF_onStartup' 
"D:\qp\qpn\source\qepn.c" 47 1 Info 759: header declaration for symbol 'QP_versionStr' defined at (line 47, file D:\qp\qpn\source\qepn.c) could be moved from header to module
"D:\qp\qpn\source\qepn.c" 47 1 Info 765: external 'QP_versionStr' (line 47, file D:\qp\qpn\source\qepn.c) could be made static [MISRA 2004 Rule 8.10, required]
"D:\qp\qpn\source\qepn.c" 47 1 Info 714: Symbol 'QP_versionStr' (line 47, file D:\qp\qpn\source\qepn.c) not referenced
"D:\qp\qpn\include\qfn.h" 452 1 Warning 526: Symbol 'QF_active' (line 452, file D:\qp\qpn\include\qfn.h, module D:\qp\qpn\source\qepn.c) not defined
"D:\qp\qpn\source\qkn.c" 123 1 Info 759: header declaration for symbol 'QF_run(void)' defined at (line 123, file D:\qp\qpn\source\qkn.c) could be moved from header to module
"D:\qp\qpn\source\qkn.c" 123 1 Info 765: external 'QF_run(void)' (line 123, file D:\qp\qpn\source\qkn.c) could be made static [MISRA 2004 Rule 8.10, required]
"D:\qp\qpn\source\qkn.c" 123 1 Info 714: Symbol 'QF_run(void)' (line 123, file D:\qp\qpn\source\qkn.c) not referenced
"D:\qp\qpn\source\qfn.c" 57 1 Info 729: Symbol 'QF_readySet_' (line 57, file D:\qp\qpn\source\qfn.c) not explicitly initialized
"D:\qp\qpn\source\qfn.c" 420 1 Info 759: header declaration for symbol 'QActive_armX(QMActive *, uint_fast8_t, QTimeEvtCtr, QTimeEvtCtr)' defined at (line 420, file D:\qp\qpn\source\qfn.c) could be moved from header to module
"D:\qp\qpn\source\qfn.c" 420 1 Info 765: external 'QActive_armX(QMActive *, uint_fast8_t, QTimeEvtCtr, QTimeEvtCtr)' (line 420, file D:\qp\qpn\source\qfn.c) could be made static [MISRA 2004 Rule 8.10, required]
"D:\qp\qpn\source\qfn.c" 420 1 Info 714: Symbol 'QActive_armX(QMActive *, uint_fast8_t, QTimeEvtCtr, QTimeEvtCtr)' (line 420, file D:\qp\qpn\source\qfn.c) not referenced
"D:\qp\qpn\source\qfn.c" 139 1 Info 759: header declaration for symbol 'QActive_ctor(QActive *, QStateHandler)' defined at (line 139, file D:\qp\qpn\source\qfn.c) could be moved from header to module
"D:\qp\qpn\source\qfn.c" 139 1 Info 765: external 'QActive_ctor(QActive *, QStateHandler)' (line 139, file D:\qp\qpn\source\qfn.c) could be made static [MISRA 2004 Rule 8.10, required]
"D:\qp\qpn\source\qfn.c" 139 1 Info 714: Symbol 'QActive_ctor(QActive *, QStateHandler)' (line 139, file D:\qp\qpn\source\qfn.c) not referenced
"D:\qp\qpn\source\qfn.c" 271 1 Info 759: header declaration for symbol 'QActive_postXISR_(QMActive *, uint_fast8_t, enum_t, QParam)' defined at (line 271, file D:\qp\qpn\source\qfn.c) could be moved from header to module
"D:\qp\qpn\source\qfn.c" 271 1 Info 765: external 'QActive_postXISR_(QMActive *, uint_fast8_t, enum_t, QParam)' (line 271, file D:\qp\qpn\source\qfn.c) could be made static [MISRA 2004 Rule 8.10, required]
"D:\qp\qpn\source\qfn.c" 452 1 Info 759: header declaration for symbol 'QActive_disarmX(QMActive *, uint_fast8_t)' defined at (line 452, file D:\qp\qpn\source\qfn.c) could be moved from header to module
"D:\qp\qpn\source\qfn.c" 452 1 Info 765: external 'QActive_disarmX(QMActive *, uint_fast8_t)' (line 452, file D:\qp\qpn\source\qfn.c) could be made static [MISRA 2004 Rule 8.10, required]
"D:\qp\qpn\source\qfn.c" 452 1 Info 714: Symbol 'QActive_disarmX(QMActive *, uint_fast8_t)' (line 452, file D:\qp\qpn\source\qfn.c) not referenced
"D:\qp\qpn\source\qfn.c" 189 1 Info 759: header declaration for symbol 'QActive_postX_(QMActive *, uint_fast8_t, enum_t, QParam)' defined at (line 189, file D:\qp\qpn\source\qfn.c) could be moved from header to module
"D:\qp\qpn\source\qfn.c" 189 1 Info 765: external 'QActive_postX_(QMActive *, uint_fast8_t, enum_t, QParam)' (line 189, file D:\qp\qpn\source\qfn.c) could be made static [MISRA 2004 Rule 8.10, required]
"D:\qp\qpn\include\qfn.h" 415 1 Info 757: global declarator 'QF_stop(void)' (line 415, file D:\qp\qpn\include\qfn.h) not referenced
 Note 960: Violates MISRA 2004 Required Rule 8.9, undefined symbol: 'QF_stop' 
"D:\qp\qpn\source\qepn.c" 387 1 Info 759: header declaration for symbol 'QHsm_top(const void *)' defined at (line 387, file D:\qp\qpn\source\qepn.c) could be moved from header to module
"D:\qp\qpn\source\qepn.c" 387 1 Info 765: external 'QHsm_top(const void *)' (line 387, file D:\qp\qpn\source\qepn.c) could be made static [MISRA 2004 Rule 8.10, required]
"D:\qp\qpn\source\qfn.c" 356 1 Info 759: header declaration for symbol 'QF_tickXISR(uint_fast8_t)' defined at (line 356, file D:\qp\qpn\source\qfn.c) could be moved from header to module
"D:\qp\qpn\source\qfn.c" 356 1 Info 765: external 'QF_tickXISR(uint_fast8_t)' (line 356, file D:\qp\qpn\source\qfn.c) could be made static [MISRA 2004 Rule 8.10, required]
"D:\qp\qpn\source\qfn.c" 356 1 Info 714: Symbol 'QF_tickXISR(uint_fast8_t)' (line 356, file D:\qp\qpn\source\qfn.c) not referenced
"D:\qp\qpn\source\qfn.c" 77 1 Info 759: header declaration for symbol 'QF_timerSetX_' defined at (line 77, file D:\qp\qpn\source\qfn.c) could be moved from header to module
"D:\qp\qpn\source\qfn.c" 77 1 Info 765: external 'QF_timerSetX_' (line 77, file D:\qp\qpn\source\qfn.c) could be made static [MISRA 2004 Rule 8.10, required]
"D:\qp\qpn\source\qfn.c" 77 1 Info 729: Symbol 'QF_timerSetX_' (line 77, file D:\qp\qpn\source\qfn.c) not explicitly initialized
"D:\qp\qpn\source\qfn.c" 77 1 Warning 552: Symbol 'QF_timerSetX_' (line 77, file D:\qp\qpn\source\qfn.c) not accessed
"D:\qp\qpn\include\qkn.h" 111 1 Warning 526: Symbol 'QK_onIdle(void)' (line 111, file D:\qp\qpn\include\qkn.h, module D:\qp\qpn\source\qepn.c) not defined
 Note 960: Violates MISRA 2004 Required Rule 8.9, undefined symbol: 'QK_onIdle' 
"D:\qp\qpn\ports\lint\qkn\qfn_port.h" 146 1 Warning 526: Symbol 'int_disable(void)' (line 146, file D:\qp\qpn\ports\lint\qkn\qfn_port.h, module D:\qp\qpn\source\qepn.c) not defined
 Note 960: Violates MISRA 2004 Required Rule 8.9, undefined symbol: 'int_disable' 
"D:\qp\qpn\ports\lint\qkn\qfn_port.h" 147 1 Warning 526: Symbol 'int_enable(void)' (line 147, file D:\qp\qpn\ports\lint\qkn\qfn_port.h, module D:\qp\qpn\source\qepn.c) not defined
 Note 960: Violates MISRA 2004 Required Rule 8.9, undefined symbol: 'int_enable' 
"D:\qp\qpn\ports\lint\stdint.h" 36 1 Info 756: global typedef 'int_fast16_t' (line 36, file D:\qp\qpn\ports\lint\stdint.h) not referenced
"D:\qp\qpn\ports\lint\stdint.h" 38 1 Info 756: global typedef 'int_fast32_t' (line 38, file D:\qp\qpn\ports\lint\stdint.h) not referenced
"D:\qp\qpn\ports\lint\stdint.h" 24 1 Info 756: global typedef 'int16_t' (line 24, file D:\qp\qpn\ports\lint\stdint.h) not referenced
"D:\qp\qpn\include\qassert.h" 223 1 Warning 526: Symbol 'Q_onAssert(const char_t *, int_t)' (line 223, file D:\qp\qpn\include\qassert.h, module D:\qp\qpn\source\qepn.c) not defined
 Note 960: Violates MISRA 2004 Required Rule 8.9, undefined symbol: 'Q_onAssert' 
"D:\qp\qpn\ports\lint\stdint.h" 25 1 Info 756: global typedef 'int32_t' (line 25, file D:\qp\qpn\ports\lint\stdint.h) not referenced
"D:\qp\qpn\source\qkn.c" 53 1 Info 759: header declaration for symbol 'QK_currPrio_' defined at (line 53, file D:\qp\qpn\source\qkn.c) could be moved from header to module
"D:\qp\qpn\source\qkn.c" 53 1 Info 765: external 'QK_currPrio_' (line 53, file D:\qp\qpn\source\qkn.c) could be made static [MISRA 2004 Rule 8.10, required]
"D:\qp\qpn\include\qfn.h" 405 1 Info 757: global declarator 'QF_init(void)' (line 405, file D:\qp\qpn\include\qfn.h) not referenced
 Note 960: Violates MISRA 2004 Required Rule 8.9, undefined symbol: 'QF_init' 
"D:\qp\qpn\include\qepn.h" 379 1 Info 755: global macro 'Q_MSM_UPCAST' (line 379, file D:\qp\qpn\include\qepn.h) not referenced
"D:\qp\qpn\include\qepn.h" 448 1 Info 755: global macro 'QM_SUPER' (line 448, file D:\qp\qpn\include\qepn.h) not referenced
"D:\qp\qpn\include\qepn.h" 417 1 Info 755: global macro 'QM_TRAN' (line 417, file D:\qp\qpn\include\qepn.h) not referenced
"D:\qp\qpn\include\qepn.h" 424 1 Info 755: global macro 'QM_TRAN_INIT' (line 424, file D:\qp\qpn\include\qepn.h) not referenced
"D:\qp\qpn\include\qepn.h" 432 1 Info 755: global macro 'QM_TRAN_HIST' (line 432, file D:\qp\qpn\include\qepn.h) not referenced
"D:\qp\qpn\include\qepn.h" 65 1 Info 755: global macro 'QP_RELEASE' (line 65, file D:\qp\qpn\include\qepn.h) not referenced
"D:\qp\qpn\include\qepn.h" 405 1 Info 755: global macro 'QM_ENTRY' (line 405, file D:\qp\qpn\include\qepn.h) not referenced
"D:\qp\qpn\include\qepn.h" 410 1 Info 755: global macro 'QM_EXIT' (line 410, file D:\qp\qpn\include\qepn.h) not referenced
"D:\qp\qpn\include\qepn.h" 443 1 Info 755: global macro 'QM_UNHANDLED' (line 443, file D:\qp\qpn\include\qepn.h) not referenced
"D:\qp\qpn\include\qepn.h" 484 1 Info 755: global macro 'Q_UNHANDLED' (line 484, file D:\qp\qpn\include\qepn.h) not referenced
"D:\qp\qpn\include\qassert.h" 256 1 Info 755: global macro 'Q_ENSURE' (line 256, file D:\qp\qpn\include\qassert.h) not referenced
"D:\qp\qpn\include\qassert.h" 267 1 Info 755: global macro 'Q_ENSURE_ID' (line 267, file D:\qp\qpn\include\qassert.h) not referenced
"D:\qp\qpn\ports\lint\qkn\qfn_port.h" 127 1 Info 755: global macro 'QK_ISR_ENTRY' (line 127, file D:\qp\qpn\ports\lint\qkn\qfn_port.h) not referenced
"D:\qp\qpn\ports\lint\qkn\qfn_port.h" 130 1 Info 755: global macro 'QK_ISR_EXIT' (line 130, file D:\qp\qpn\ports\lint\qkn\qfn_port.h) not referenced
"D:\qp\qpn\include\qassert.h" 112 1 Info 755: global macro 'Q_ASSERT' (line 112, file D:\qp\qpn\include\qassert.h) not referenced
"D:\qp\qpn\include\qassert.h" 301 1 Info 755: global macro 'Q_ASSERT_COMPILE' (line 301, file D:\qp\qpn\include\qassert.h) not referenced
"D:\qp\qpn\include\qepn.h" 437 1 Info 755: global macro 'QM_HANDLED' (line 437, file D:\qp\qpn\include\qepn.h) not referenced
"D:\qp\qpn\include\qepn.h" 59 1 Info 755: global macro 'QP_VERSION' (line 59, file D:\qp\qpn\include\qepn.h) not referenced
"D:\qp\qpn\include\qepn.h" 455 1 Info 755: global macro 'Q_TRAN' (line 455, file D:\qp\qpn\include\qepn.h) not referenced
"D:\qp\qpn\include\qepn.h" 464 1 Info 755: global macro 'Q_TRAN_HIST' (line 464, file D:\qp\qpn\include\qepn.h) not referenced
"D:\qp\qpn\include\qepn.h" 578 1 Info 755: global macro 'QP_getVersion' (line 578, file D:\qp\qpn\include\qepn.h) not referenced
"D:\qp\qpn\include\qassert.h" 171 1 Info 755: global macro 'Q_ERROR' (line 171, file D:\qp\qpn\include\qassert.h) not referenced
"D:\qp\qpn\include\qassert.h" 277 1 Info 755: global macro 'Q_INVARIANT' (line 277, file D:\qp\qpn\include\qassert.h) not referenced
"D:\qp\qpn\include\qassert.h" 288 1 Info 755: global macro 'Q_INVARIANT_ID' (line 288, file D:\qp\qpn\include\qassert.h) not referenced
"D:\qp\qpn\include\qassert.h" 237 1 Info 755: global macro 'Q_REQUIRE' (line 237, file D:\qp\qpn\include\qassert.h) not referenced
"D:\qp\qpn\include\qepn.h" 473 1 Info 755: global macro 'Q_SUPER' (line 473, file D:\qp\qpn\include\qepn.h) not referenced
"D:\qp\qpn\include\qepn.h" 327 1 Info 755: global macro 'QHsm_state' (line 327, file D:\qp\qpn\include\qepn.h) not referenced
"D:\qp\qpn\include\qfn.h" 264 1 Info 755: global macro 'QACTIVE_POST' (line 264, file D:\qp\qpn\include\qfn.h) not referenced
"D:\qp\qpn\include\qfn.h" 290 1 Info 755: global macro 'QACTIVE_POST_X' (line 290, file D:\qp\qpn\include\qfn.h) not referenced
"D:\qp\qpn\include\qfn.h" 338 1 Info 755: global macro 'QACTIVE_POST_X_ISR' (line 338, file D:\qp\qpn\include\qfn.h) not referenced
"D:\qp\qpn\include\qassert.h" 80 1 Info 755: global macro 'Q_DEFINE_THIS_FILE' (line 80, file D:\qp\qpn\include\qassert.h) not referenced
"D:\qp\qpn\include\qepn.h" 478 1 Info 755: global macro 'Q_HANDLED' (line 478, file D:\qp\qpn\include\qepn.h) not referenced
"D:\qp\qpn\include\qassert.h" 146 1 Info 755: global macro 'Q_ALLEGE' (line 146, file D:\qp\qpn\include\qassert.h) not referenced
"D:\qp\qpn\include\qassert.h" 161 1 Info 755: global macro 'Q_ALLEGE_ID' (line 161, file D:\qp\qpn\include\qassert.h) not referenced
"D:\qp\qpn\include\qkn.h" 94 1 Info 755: global macro 'QK_SCHEDULE_' (line 94, file D:\qp\qpn\include\qkn.h) not referenced
"D:\qp\qpn\include\qepn.h" 282 1 Info 755: global macro 'QMsm_stateObj' (line 282, file D:\qp\qpn\include\qepn.h) not referenced
"D:\qp\qpn\include\qepn.h" 507 1 Info 755: global macro 'Q_UINT2PTR_CAST' (line 507, file D:\qp\qpn\include\qepn.h) not referenced
"D:\qp\qpn\ports\lint\stdbool.h" 22 1 Info 755: global macro '__bool_true_false_are_defined' (line 22, file D:\qp\qpn\ports\lint\stdbool.h) not referenced
"D:\qp\qpn\include\qepn.h" 189 1 Info 768: global struct member 'QMAttr::act' (line 189, file D:\qp\qpn\include\qepn.h) not referenced
"D:\qp\qpn\include\qepn.h" 346 1 Info 769: global enumeration constant 'Q_RET_SUPER_SUB' (line 346, file D:\qp\qpn\include\qepn.h) not referenced
"D:\qp\qpn\include\qepn.h" 354 1 Info 769: global enumeration constant 'Q_RET_ENTRY' (line 354, file D:\qp\qpn\include\qepn.h) not referenced
"D:\qp\qpn\include\qepn.h" 493 1 Info 769: global enumeration constant 'Q_TIMEOUT1_SIG' (line 493, file D:\qp\qpn\include\qepn.h) not referenced
"D:\qp\qpn\include\qepn.h" 494 1 Info 769: global enumeration constant 'Q_TIMEOUT2_SIG' (line 494, file D:\qp\qpn\include\qepn.h) not referenced
"D:\qp\qpn\include\qepn.h" 495 1 Info 769: global enumeration constant 'Q_TIMEOUT3_SIG' (line 495, file D:\qp\qpn\include\qepn.h) not referenced
"D:\qp\qpn\include\qepn.h" 496 1 Info 769: global enumeration constant 'Q_USER_SIG' (line 496, file D:\qp\qpn\include\qepn.h) not referenced
"D:\qp\qpn\include\qfn.h" 161 1 Info 768: global struct member 'QMActiveVtbl::post' (line 161, file D:\qp\qpn\include\qfn.h) not referenced

Count   Type    Number  Text

7       Warning 526     Symbol '___' (___) not defined
1       Warning 552     Symbol '___' (___) not accessed
8       Info    714     Symbol '___' (___) not referenced
2       Info    729     Symbol '___' (___) not explicitly initialized
38      Info    755     global macro '___' (___) not referenced
12      Info    756     global typedef '___' (___) not referenced
2       Info    757     global declarator '___' (___) not referenced
13      Info    759     header declaration for symbol '___' defined at (___) could be moved from header to module
13      Info    765     external '___' (___) could be made static
2       Info    768     global struct member '___' (___) not referenced
6       Info    769     global enumeration constant '___' (___) not referenced
8       Note    960     Violates MISRA 2004 Required Rule ___, ___
